[debug] [2022-09-19T08:39:26.554Z] ----------------------------------------------------------------------
[debug] [2022-09-19T08:39:26.555Z] Command:       C:\Program Files\nodejs\node.exe C:\Users\Администратор\AppData\Roaming\npm\node_modules\firebase-tools\lib\bin\firebase.js init
[debug] [2022-09-19T08:39:26.556Z] CLI Version:   11.9.0
[debug] [2022-09-19T08:39:26.556Z] Platform:      win32
[debug] [2022-09-19T08:39:26.556Z] Node Version:  v18.9.0
[debug] [2022-09-19T08:39:26.557Z] Time:          Mon Sep 19 2022 11:39:26 GMT+0300 (Москва, стандартное время)
[debug] [2022-09-19T08:39:26.557Z] ----------------------------------------------------------------------
[debug] 
[debug] [2022-09-19T08:39:26.632Z] > command requires scopes: ["email","openid","https://www.googleapis.com/auth/cloudplatformprojects.readonly","https://www.googleapis.com/auth/firebase","https://www.googleapis.com/auth/cloud-platform"]
[debug] [2022-09-19T08:39:26.633Z] > authorizing via signed-in user (vladimir75vov@gmail.com)
[info] 
     ######## #### ########  ######## ########     ###     ######  ########
     ##        ##  ##     ## ##       ##     ##  ##   ##  ##       ##
     ######    ##  ########  ######   ########  #########  ######  ######
     ##        ##  ##    ##  ##       ##     ## ##     ##       ## ##
     ##       #### ##     ## ######## ########  ##     ##  ######  ########

You're about to initialize a Firebase project in this directory:

  C:\Users\Администратор

Before we get started, keep in mind:

  * You are initializing within an existing Firebase project directory

